<?xml version="1.0" encoding="utf-8"?><testsuites name="pytest tests"><testsuite name="pytest" errors="0" failures="0" skipped="0" tests="22" time="10.801" timestamp="2026-07-22T17:57:10.598768+00:00" hostname="agent-env-10a720d1-e6d0-46ba-bc7c-e148858e63f6"><testcase classname="backend.tests.test_kizilkan_api.TestHealth" name="test_root" time="0.352" /><testcase classname="backend.tests.test_kizilkan_api.TestHealth" name="test_health_db_connected" time="0.162" /><testcase classname="backend.tests.test_kizilkan_api.TestM3U" name="test_parse_m3u_from_url" time="1.147" /><testcase classname="backend.tests.test_kizilkan_api.TestM3U" name="test_parse_m3u_from_content" time="0.182" /><testcase classname="backend.tests.test_kizilkan_api.TestM3U" name="test_parse_m3u_invalid_url" time="0.220" /><testcase classname="backend.tests.test_kizilkan_api.TestXtream" name="test_xtream_login_invalid_returns_error" time="0.210" /><testcase classname="backend.tests.test_kizilkan_api.TestXtream" name="test_xtream_vod_invalid_returns_error" time="0.209" /><testcase classname="backend.tests.test_kizilkan_api.TestXtream" name="test_xtream_series_invalid_returns_error" time="0.192" /><testcase classname="backend.tests.test_kizilkan_api.TestXtream" name="test_xtream_vod_info_invalid" time="0.169" /><testcase classname="backend.tests.test_kizilkan_api.TestXtream" name="test_xtream_series_info_invalid" time="0.179" /><testcase classname="backend.tests.test_kizilkan_api.TestXtream" name="test_xtream_catchup_epg_invalid" time="0.168" /><testcase classname="backend.tests.test_kizilkan_api.TestStalker" name="test_stalker_login_invalid_mac_format" time="0.158" /><testcase classname="backend.tests.test_kizilkan_api.TestStalker" name="test_stalker_load_invalid_mac_format" time="0.156" /><testcase classname="backend.tests.test_kizilkan_api.TestStalker" name="test_stalker_login_unreachable_portal" time="0.475" /><testcase classname="backend.tests.test_kizilkan_api.TestStalker" name="test_stalker_load_unreachable_portal" time="0.203" /><testcase classname="backend.tests.test_kizilkan_api.TestEPG" name="test_epg_fetch" time="5.301" /><testcase classname="backend.tests.test_kizilkan_api.TestEPG" name="test_epg_now_next_empty" time="0.156" /><testcase classname="backend.tests.test_kizilkan_api.TestEPG" name="test_epg_now_next_structure" time="0.194" /><testcase classname="backend.tests.test_kizilkan_api.TestEPG" name="test_epg_for_channel" time="0.189" /><testcase classname="backend.tests.test_kizilkan_api.TestDVR" name="test_dvr_schedule_create" time="0.181" /><testcase classname="backend.tests.test_kizilkan_api.TestDVR" name="test_dvr_schedules_list" time="0.157" /><testcase classname="backend.tests.test_kizilkan_api.TestDVR" name="test_dvr_schedule_delete" time="0.336" /></testsuite></testsuites>