<?xml version="1.0" encoding="utf-8"?><testsuites name="pytest tests"><testsuite name="pytest" errors="0" failures="0" skipped="0" tests="22" time="2.789" timestamp="2026-07-22T12:13:53.932137+00:00" hostname="agent-env-10a720d1-e6d0-46ba-bc7c-e148858e63f6"><testcase classname="backend.tests.test_kizilkan_api.TestHealth" name="test_root" time="0.291" /><testcase classname="backend.tests.test_kizilkan_api.TestHealth" name="test_health_db_connected" time="0.049" /><testcase classname="backend.tests.test_kizilkan_api.TestM3U" name="test_parse_m3u_from_url" time="0.251" /><testcase classname="backend.tests.test_kizilkan_api.TestM3U" name="test_parse_m3u_from_content" time="0.154" /><testcase classname="backend.tests.test_kizilkan_api.TestM3U" name="test_parse_m3u_invalid_url" time="0.157" /><testcase classname="backend.tests.test_kizilkan_api.TestXtream" name="test_xtream_login_invalid_returns_error" time="0.110" /><testcase classname="backend.tests.test_kizilkan_api.TestXtream" name="test_xtream_vod_invalid_returns_error" time="0.066" /><testcase classname="backend.tests.test_kizilkan_api.TestXtream" name="test_xtream_series_invalid_returns_error" time="0.067" /><testcase classname="backend.tests.test_kizilkan_api.TestXtream" name="test_xtream_vod_info_invalid" time="0.068" /><testcase classname="backend.tests.test_kizilkan_api.TestXtream" name="test_xtream_series_info_invalid" time="0.071" /><testcase classname="backend.tests.test_kizilkan_api.TestXtream" name="test_xtream_catchup_epg_invalid" time="0.061" /><testcase classname="backend.tests.test_kizilkan_api.TestStalker" name="test_stalker_login_invalid_mac_format" time="0.047" /><testcase classname="backend.tests.test_kizilkan_api.TestStalker" name="test_stalker_load_invalid_mac_format" time="0.045" /><testcase classname="backend.tests.test_kizilkan_api.TestStalker" name="test_stalker_login_unreachable_portal" time="0.149" /><testcase classname="backend.tests.test_kizilkan_api.TestStalker" name="test_stalker_load_unreachable_portal" time="0.070" /><testcase classname="backend.tests.test_kizilkan_api.TestEPG" name="test_epg_fetch" time="0.648" /><testcase classname="backend.tests.test_kizilkan_api.TestEPG" name="test_epg_now_next_empty" time="0.044" /><testcase classname="backend.tests.test_kizilkan_api.TestEPG" name="test_epg_now_next_structure" time="0.050" /><testcase classname="backend.tests.test_kizilkan_api.TestEPG" name="test_epg_for_channel" time="0.052" /><testcase classname="backend.tests.test_kizilkan_api.TestDVR" name="test_dvr_schedule_create" time="0.047" /><testcase classname="backend.tests.test_kizilkan_api.TestDVR" name="test_dvr_schedules_list" time="0.080" /><testcase classname="backend.tests.test_kizilkan_api.TestDVR" name="test_dvr_schedule_delete" time="0.114" /></testsuite></testsuites>