<?xml version="1.0" encoding="utf-8"?><testsuites name="pytest tests"><testsuite name="pytest" errors="0" failures="0" skipped="0" tests="22" time="2.651" timestamp="2026-07-22T13:15:15.278092+00:00" hostname="agent-env-10a720d1-e6d0-46ba-bc7c-e148858e63f6"><testcase classname="backend.tests.test_kizilkan_api.TestHealth" name="test_root" time="0.233" /><testcase classname="backend.tests.test_kizilkan_api.TestHealth" name="test_health_db_connected" time="0.045" /><testcase classname="backend.tests.test_kizilkan_api.TestM3U" name="test_parse_m3u_from_url" time="0.257" /><testcase classname="backend.tests.test_kizilkan_api.TestM3U" name="test_parse_m3u_from_content" time="0.042" /><testcase classname="backend.tests.test_kizilkan_api.TestM3U" name="test_parse_m3u_invalid_url" time="0.170" /><testcase classname="backend.tests.test_kizilkan_api.TestXtream" name="test_xtream_login_invalid_returns_error" time="0.106" /><testcase classname="backend.tests.test_kizilkan_api.TestXtream" name="test_xtream_vod_invalid_returns_error" time="0.065" /><testcase classname="backend.tests.test_kizilkan_api.TestXtream" name="test_xtream_series_invalid_returns_error" time="0.062" /><testcase classname="backend.tests.test_kizilkan_api.TestXtream" name="test_xtream_vod_info_invalid" time="0.104" /><testcase classname="backend.tests.test_kizilkan_api.TestXtream" name="test_xtream_series_info_invalid" time="0.066" /><testcase classname="backend.tests.test_kizilkan_api.TestXtream" name="test_xtream_catchup_epg_invalid" time="0.065" /><testcase classname="backend.tests.test_kizilkan_api.TestStalker" name="test_stalker_login_invalid_mac_format" time="0.049" /><testcase classname="backend.tests.test_kizilkan_api.TestStalker" name="test_stalker_load_invalid_mac_format" time="0.038" /><testcase classname="backend.tests.test_kizilkan_api.TestStalker" name="test_stalker_login_unreachable_portal" time="0.115" /><testcase classname="backend.tests.test_kizilkan_api.TestStalker" name="test_stalker_load_unreachable_portal" time="0.107" /><testcase classname="backend.tests.test_kizilkan_api.TestEPG" name="test_epg_fetch" time="0.619" /><testcase classname="backend.tests.test_kizilkan_api.TestEPG" name="test_epg_now_next_empty" time="0.080" /><testcase classname="backend.tests.test_kizilkan_api.TestEPG" name="test_epg_now_next_structure" time="0.091" /><testcase classname="backend.tests.test_kizilkan_api.TestEPG" name="test_epg_for_channel" time="0.048" /><testcase classname="backend.tests.test_kizilkan_api.TestDVR" name="test_dvr_schedule_create" time="0.046" /><testcase classname="backend.tests.test_kizilkan_api.TestDVR" name="test_dvr_schedules_list" time="0.041" /><testcase classname="backend.tests.test_kizilkan_api.TestDVR" name="test_dvr_schedule_delete" time="0.145" /></testsuite></testsuites>